<?xml version="1.0" encoding="UTF-8"?>
<!-- Generated by org.testng.reporters.JUnitXMLReporter -->
<testsuite ignored="0" hostname="Fidas-MacBook-Pro.local" failures="0" tests="11" name="/Users/fida10/Programming/JavaProjects/MavenProjects/untitled/SelfFrameWork" time="52.997" errors="0" timestamp="2020-04-25T04:18:14 EDT">
  <testcase classname="self.SpiceJet.SignIn.SignInTest" name="signInUserName" time="1.052"/>
  <testcase classname="self.SpiceJet.SignIn.SignInTest" name="signInPassWord" time="0.17"/>
  <testcase classname="self.SpiceJet.SignIn.SignInTest" name="clickOnSubmitButton" time="16.942"/>
  <testcase classname="self.SpiceJet.SignIn.SignInTest" name="logOutCurrentUser" time="6.521"/>
  <testcase classname="self.SpiceJet.OneWayTripWorkFlow.CityPickerTest" name="selectDepCity" time="0.95"/>
  <testcase classname="self.SpiceJet.OneWayTripWorkFlow.CityPickerTest" name="selectArrCity" time="0.232"/>
  <testcase classname="self.SpiceJet.OneWayTripWorkFlow.DatePickerTest" name="openDepartDateBox" time="0.156"/>
  <testcase classname="self.SpiceJet.OneWayTripWorkFlow.DatePickerTest" name="selectDate" time="1.263"/>
  <testcase classname="self.SpiceJet.OneWayTripWorkFlow.PaxPickerTest" name="pickPax" time="0.799"/>
  <testcase classname="self.SpiceJet.OneWayTripWorkFlow.CurrencyPickerTest" name="pickCurrency" time="0.072"/>
  <testcase classname="self.SpiceJet.OneWayTripWorkFlow.SearchButtonTest" name="clickOnSearchButton" time="3.496"/>
</testsuite> <!-- /Users/fida10/Programming/JavaProjects/MavenProjects/untitled/SelfFrameWork -->
